<?xml version="1.0" encoding="UTF-8"?>
<!DOCTYPE suite SYSTEM "https://testng.org/testng-1.0.dtd">
<suite name="TestNG Running Junit Tests">

  <test name="Junit via TestNG XML" junit="true">
    <classes>
      <class name="test.junit.SetNameTest" />
    </classes>
  </test>

</suite>
