<?xml version="1.0" encoding="UTF-8"?>
<!DOCTYPE suite SYSTEM "https://testng.org/testng-1.0.dtd">
<suite name="SanityCheck tests">
   <suite-files>
      <suite-file path="./test2.xml"/>
      <suite-file path="./test3.xml"/>
   </suite-files>
</suite>
